2023-05-21 20:12:20.748+0000 INFO  The license agreement was accepted with environment variable NEO4J_ACCEPT_LICENSE_AGREEMENT=yes when the Software was started.

The license agreement is available https://neo4j.com/terms/licensing/

If you do not have a commercial license and want to evaluate the Software
please read the terms of the evaluation agreement before you accept.
https://neo4j.com/terms/enterprise_us/

(c) Neo4j Sweden AB. All Rights Reserved.
Use of this Software without a proper commercial license, or evaluation license
with Neo4j,Inc. or its affiliates is prohibited.
Neo4j has the right to terminate your usage if you are not compliant.

Email inquiries can be directed to: licensing@neo4j.com

More information is also available at: https://neo4j.com/licensing/

2023-05-21 20:12:20.753+0000 WARN  Use of deprecated setting 'dbms.windows_service_name'. It is replaced by 'server.windows_service_name'.
2023-05-21 20:12:20.754+0000 WARN  Use of deprecated setting 'dbms.jvm.additional'. It is replaced by 'server.jvm.additional'.
2023-05-21 20:12:20.754+0000 WARN  Use of deprecated setting 'dbms.memory.pagecache.size'. It is replaced by 'server.memory.pagecache.size'.
2023-05-21 20:12:20.754+0000 WARN  Use of deprecated setting 'dbms.memory.heap.max_size'. It is replaced by 'server.memory.heap.max_size'.
2023-05-21 20:12:20.754+0000 WARN  Use of deprecated setting 'dbms.memory.heap.initial_size'. It is replaced by 'server.memory.heap.initial_size'.
2023-05-21 20:12:20.756+0000 INFO  Starting...
2023-05-21 20:12:23.047+0000 INFO  ======== Neo4j 5.3.0 ========
2023-05-21 20:12:23.101+0000 INFO  This instance is ServerId{f3ddc5cd} (f3ddc5cd-0ae6-467a-9fe3-38374b8fd9ff)
2023-05-21 20:12:27.142+0000 INFO  Default database 'neo4j' is created
2023-05-21 20:12:27.568+0000 INFO  Sending metrics to CSV file at C:\Users\rodri\.Neo4jDesktop\relate-data\dbmss\dbms-29451ce5-011d-475f-8964-df26924c7f97\metrics
2023-05-21 20:12:27.591+0000 INFO  Bolt enabled on localhost:7687.
2023-05-21 20:12:27.593+0000 INFO  Bolt (Routing) enabled on localhost:7688.
2023-05-21 20:12:28.370+0000 INFO  Remote interface available at http://localhost:7474/
2023-05-21 20:12:28.373+0000 INFO  id: 2635FD7E773A036E0978880849E228965DCE48868134975860B605B51B070BA0
2023-05-21 20:12:28.374+0000 INFO  name: system
2023-05-21 20:12:28.374+0000 INFO  creationDate: 2023-05-21T20:12:25.015Z
2023-05-21 20:12:28.374+0000 INFO  Started.
2023-05-21 20:12:33.756+0000 ERROR [bolt-5] Terminating connection due to unexpected error
org.neo4j.bolt.protocol.error.streaming.BoltStreamingWriteException: Failed to finalize batch: Cannot write result response
	at org.neo4j.bolt.protocol.common.transaction.result.ResultHandler.onFinish(ResultHandler.java:116) ~[neo4j-bolt-5.3.0.jar:5.3.0]
	at org.neo4j.bolt.protocol.common.fsm.AbstractStateMachine.after(AbstractStateMachine.java:126) ~[neo4j-bolt-5.3.0.jar:5.3.0]
	at org.neo4j.bolt.protocol.common.fsm.AbstractStateMachine.process(AbstractStateMachine.java:99) ~[neo4j-bolt-5.3.0.jar:5.3.0]
	at org.neo4j.bolt.protocol.common.connector.connection.AtomicSchedulingConnection.lambda$submit$4(AtomicSchedulingConnection.java:113) ~[neo4j-bolt-5.3.0.jar:5.3.0]
	at org.neo4j.bolt.protocol.common.connector.connection.AtomicSchedulingConnection.executeJob(AtomicSchedulingConnection.java:336) ~[neo4j-bolt-5.3.0.jar:5.3.0]
	at org.neo4j.bolt.protocol.common.connector.connection.AtomicSchedulingConnection.doExecuteJobs(AtomicSchedulingConnection.java:306) ~[neo4j-bolt-5.3.0.jar:5.3.0]
	at org.neo4j.bolt.protocol.common.connector.connection.AtomicSchedulingConnection.executeJobs(AtomicSchedulingConnection.java:212) ~[neo4j-bolt-5.3.0.jar:5.3.0]
	at java.util.concurrent.Executors$RunnableAdapter.call(Executors.java:539) ~[?:?]
	at java.util.concurrent.FutureTask.run(FutureTask.java:264) ~[?:?]
	at java.util.concurrent.ThreadPoolExecutor.runWorker(ThreadPoolExecutor.java:1136) ~[?:?]
	at java.util.concurrent.ThreadPoolExecutor$Worker.run(ThreadPoolExecutor.java:635) ~[?:?]
	at java.lang.Thread.run(Thread.java:833) ~[?:?]
Caused by: io.netty.channel.StacklessClosedChannelException
	at io.netty.channel.AbstractChannel$AbstractUnsafe.write(Object, ChannelPromise)(Unknown Source) ~[netty-transport-4.1.84.Final.jar:4.1.84.Final]
2023-05-21 20:23:00.755+0000 ERROR Client triggered an unexpected error [Neo.DatabaseError.Statement.ExecutionFailed]: java.net.URISyntaxException: Illegal character in opaque part at index 20: file:file://C:/Usersodri/.Neo4jDesktopelate-data/projects/project-b2171711-3c4c-4a35-b2cf-6edea13bc649	utores.csv, reference 5e37b47c-bebb-464f-ba05-a3f99a9054d1.
2023-05-21 20:43:58.840+0000 INFO  The license agreement was accepted with environment variable NEO4J_ACCEPT_LICENSE_AGREEMENT=yes when the Software was started.

The license agreement is available https://neo4j.com/terms/licensing/

If you do not have a commercial license and want to evaluate the Software
please read the terms of the evaluation agreement before you accept.
https://neo4j.com/terms/enterprise_us/

(c) Neo4j Sweden AB. All Rights Reserved.
Use of this Software without a proper commercial license, or evaluation license
with Neo4j,Inc. or its affiliates is prohibited.
Neo4j has the right to terminate your usage if you are not compliant.

Email inquiries can be directed to: licensing@neo4j.com

More information is also available at: https://neo4j.com/licensing/

2023-05-21 20:43:58.845+0000 WARN  Use of deprecated setting 'dbms.windows_service_name'. It is replaced by 'server.windows_service_name'.
2023-05-21 20:43:58.846+0000 WARN  Use of deprecated setting 'dbms.jvm.additional'. It is replaced by 'server.jvm.additional'.
2023-05-21 20:43:58.846+0000 WARN  Use of deprecated setting 'dbms.memory.pagecache.size'. It is replaced by 'server.memory.pagecache.size'.
2023-05-21 20:43:58.846+0000 WARN  Use of deprecated setting 'dbms.memory.heap.max_size'. It is replaced by 'server.memory.heap.max_size'.
2023-05-21 20:43:58.846+0000 WARN  Use of deprecated setting 'dbms.memory.heap.initial_size'. It is replaced by 'server.memory.heap.initial_size'.
2023-05-21 20:43:58.849+0000 INFO  Starting...
2023-05-21 20:44:01.791+0000 INFO  ======== Neo4j 5.3.0 ========
2023-05-21 20:44:01.838+0000 INFO  This instance is ServerId{f3ddc5cd} (f3ddc5cd-0ae6-467a-9fe3-38374b8fd9ff)
2023-05-21 20:44:05.520+0000 INFO  Sending metrics to CSV file at C:\Users\rodri\.Neo4jDesktop\relate-data\dbmss\dbms-29451ce5-011d-475f-8964-df26924c7f97\metrics
2023-05-21 20:44:05.550+0000 INFO  Bolt enabled on localhost:7687.
2023-05-21 20:44:05.554+0000 INFO  Bolt (Routing) enabled on localhost:7688.
2023-05-21 20:44:06.798+0000 INFO  Remote interface available at http://localhost:7474/
2023-05-21 20:44:06.803+0000 INFO  id: 2635FD7E773A036E0978880849E228965DCE48868134975860B605B51B070BA0
2023-05-21 20:44:06.804+0000 INFO  name: system
2023-05-21 20:44:06.804+0000 INFO  creationDate: 2023-05-21T20:12:25.015Z
2023-05-21 20:44:06.804+0000 INFO  Started.
2023-05-21 20:44:12.301+0000 ERROR [bolt-5] Terminating connection due to unexpected error
org.neo4j.bolt.protocol.error.streaming.BoltStreamingWriteException: Failed to finalize batch: Cannot write result response
	at org.neo4j.bolt.protocol.common.transaction.result.ResultHandler.onFinish(ResultHandler.java:116) ~[neo4j-bolt-5.3.0.jar:5.3.0]
	at org.neo4j.bolt.protocol.common.fsm.AbstractStateMachine.after(AbstractStateMachine.java:126) ~[neo4j-bolt-5.3.0.jar:5.3.0]
	at org.neo4j.bolt.protocol.common.fsm.AbstractStateMachine.process(AbstractStateMachine.java:99) ~[neo4j-bolt-5.3.0.jar:5.3.0]
	at org.neo4j.bolt.protocol.common.connector.connection.AtomicSchedulingConnection.lambda$submit$4(AtomicSchedulingConnection.java:113) ~[neo4j-bolt-5.3.0.jar:5.3.0]
	at org.neo4j.bolt.protocol.common.connector.connection.AtomicSchedulingConnection.executeJob(AtomicSchedulingConnection.java:336) ~[neo4j-bolt-5.3.0.jar:5.3.0]
	at org.neo4j.bolt.protocol.common.connector.connection.AtomicSchedulingConnection.doExecuteJobs(AtomicSchedulingConnection.java:306) ~[neo4j-bolt-5.3.0.jar:5.3.0]
	at org.neo4j.bolt.protocol.common.connector.connection.AtomicSchedulingConnection.executeJobs(AtomicSchedulingConnection.java:212) ~[neo4j-bolt-5.3.0.jar:5.3.0]
	at java.util.concurrent.Executors$RunnableAdapter.call(Executors.java:539) ~[?:?]
	at java.util.concurrent.FutureTask.run(FutureTask.java:264) ~[?:?]
	at java.util.concurrent.ThreadPoolExecutor.runWorker(ThreadPoolExecutor.java:1136) ~[?:?]
	at java.util.concurrent.ThreadPoolExecutor$Worker.run(ThreadPoolExecutor.java:635) ~[?:?]
	at java.lang.Thread.run(Thread.java:833) ~[?:?]
Caused by: io.netty.channel.StacklessClosedChannelException
	at io.netty.channel.AbstractChannel$AbstractUnsafe.write(Object, ChannelPromise)(Unknown Source) ~[netty-transport-4.1.84.Final.jar:4.1.84.Final]
2023-05-21 20:50:11.679+0000 INFO  Neo4j Server shutdown initiated by request
2023-05-21 20:50:11.680+0000 INFO  Stopping...
2023-05-21 20:50:11.682+0000 INFO  Stopped.
2023-05-21 21:03:07.629+0000 INFO  The license agreement was accepted with environment variable NEO4J_ACCEPT_LICENSE_AGREEMENT=yes when the Software was started.

The license agreement is available https://neo4j.com/terms/licensing/

If you do not have a commercial license and want to evaluate the Software
please read the terms of the evaluation agreement before you accept.
https://neo4j.com/terms/enterprise_us/

(c) Neo4j Sweden AB. All Rights Reserved.
Use of this Software without a proper commercial license, or evaluation license
with Neo4j,Inc. or its affiliates is prohibited.
Neo4j has the right to terminate your usage if you are not compliant.

Email inquiries can be directed to: licensing@neo4j.com

More information is also available at: https://neo4j.com/licensing/

2023-05-21 21:03:07.636+0000 WARN  Use of deprecated setting 'dbms.windows_service_name'. It is replaced by 'server.windows_service_name'.
2023-05-21 21:03:07.636+0000 WARN  Use of deprecated setting 'dbms.jvm.additional'. It is replaced by 'server.jvm.additional'.
2023-05-21 21:03:07.636+0000 WARN  Use of deprecated setting 'dbms.memory.pagecache.size'. It is replaced by 'server.memory.pagecache.size'.
2023-05-21 21:03:07.636+0000 WARN  Use of deprecated setting 'dbms.memory.heap.max_size'. It is replaced by 'server.memory.heap.max_size'.
2023-05-21 21:03:07.636+0000 WARN  Use of deprecated setting 'dbms.memory.heap.initial_size'. It is replaced by 'server.memory.heap.initial_size'.
2023-05-21 21:03:07.638+0000 INFO  Starting...
2023-05-21 21:03:10.948+0000 INFO  ======== Neo4j 5.3.0 ========
2023-05-21 21:03:11.002+0000 INFO  This instance is ServerId{f3ddc5cd} (f3ddc5cd-0ae6-467a-9fe3-38374b8fd9ff)
2023-05-21 21:03:15.287+0000 INFO  Sending metrics to CSV file at C:\Users\rodri\.Neo4jDesktop\relate-data\dbmss\dbms-29451ce5-011d-475f-8964-df26924c7f97\metrics
2023-05-21 21:03:15.321+0000 INFO  Bolt enabled on localhost:7687.
2023-05-21 21:03:15.323+0000 INFO  Bolt (Routing) enabled on localhost:7688.
2023-05-21 21:03:16.330+0000 INFO  Remote interface available at http://localhost:7474/
2023-05-21 21:03:16.334+0000 INFO  id: 2635FD7E773A036E0978880849E228965DCE48868134975860B605B51B070BA0
2023-05-21 21:03:16.334+0000 INFO  name: system
2023-05-21 21:03:16.334+0000 INFO  creationDate: 2023-05-21T20:12:25.015Z
2023-05-21 21:03:16.334+0000 INFO  Started.
2023-05-21 21:03:22.623+0000 ERROR [bolt-5] Terminating connection due to unexpected error
org.neo4j.bolt.protocol.error.streaming.BoltStreamingWriteException: Failed to finalize batch: Cannot write result response
	at org.neo4j.bolt.protocol.common.transaction.result.ResultHandler.onFinish(ResultHandler.java:116) ~[neo4j-bolt-5.3.0.jar:5.3.0]
	at org.neo4j.bolt.protocol.common.fsm.AbstractStateMachine.after(AbstractStateMachine.java:126) ~[neo4j-bolt-5.3.0.jar:5.3.0]
	at org.neo4j.bolt.protocol.common.fsm.AbstractStateMachine.process(AbstractStateMachine.java:99) ~[neo4j-bolt-5.3.0.jar:5.3.0]
	at org.neo4j.bolt.protocol.common.connector.connection.AtomicSchedulingConnection.lambda$submit$4(AtomicSchedulingConnection.java:113) ~[neo4j-bolt-5.3.0.jar:5.3.0]
	at org.neo4j.bolt.protocol.common.connector.connection.AtomicSchedulingConnection.executeJob(AtomicSchedulingConnection.java:336) ~[neo4j-bolt-5.3.0.jar:5.3.0]
	at org.neo4j.bolt.protocol.common.connector.connection.AtomicSchedulingConnection.doExecuteJobs(AtomicSchedulingConnection.java:306) ~[neo4j-bolt-5.3.0.jar:5.3.0]
	at org.neo4j.bolt.protocol.common.connector.connection.AtomicSchedulingConnection.executeJobs(AtomicSchedulingConnection.java:212) ~[neo4j-bolt-5.3.0.jar:5.3.0]
	at java.util.concurrent.Executors$RunnableAdapter.call(Executors.java:539) ~[?:?]
	at java.util.concurrent.FutureTask.run(FutureTask.java:264) ~[?:?]
	at java.util.concurrent.ThreadPoolExecutor.runWorker(ThreadPoolExecutor.java:1136) ~[?:?]
	at java.util.concurrent.ThreadPoolExecutor$Worker.run(ThreadPoolExecutor.java:635) ~[?:?]
	at java.lang.Thread.run(Thread.java:833) ~[?:?]
Caused by: io.netty.channel.StacklessClosedChannelException
	at io.netty.channel.AbstractChannel$AbstractUnsafe.write(Object, ChannelPromise)(Unknown Source) ~[netty-transport-4.1.84.Final.jar:4.1.84.Final]
2023-05-21 21:04:11.201+0000 INFO  Neo4j Server shutdown initiated by request
2023-05-21 21:04:11.201+0000 INFO  Stopping...
2023-05-21 21:04:11.202+0000 INFO  Stopped.
2023-05-21 21:04:21.584+0000 INFO  The license agreement was accepted with environment variable NEO4J_ACCEPT_LICENSE_AGREEMENT=yes when the Software was started.

The license agreement is available https://neo4j.com/terms/licensing/

If you do not have a commercial license and want to evaluate the Software
please read the terms of the evaluation agreement before you accept.
https://neo4j.com/terms/enterprise_us/

(c) Neo4j Sweden AB. All Rights Reserved.
Use of this Software without a proper commercial license, or evaluation license
with Neo4j,Inc. or its affiliates is prohibited.
Neo4j has the right to terminate your usage if you are not compliant.

Email inquiries can be directed to: licensing@neo4j.com

More information is also available at: https://neo4j.com/licensing/

2023-05-21 21:04:21.590+0000 WARN  Use of deprecated setting 'dbms.windows_service_name'. It is replaced by 'server.windows_service_name'.
2023-05-21 21:04:21.591+0000 WARN  Use of deprecated setting 'dbms.jvm.additional'. It is replaced by 'server.jvm.additional'.
2023-05-21 21:04:21.591+0000 WARN  Use of deprecated setting 'dbms.memory.pagecache.size'. It is replaced by 'server.memory.pagecache.size'.
2023-05-21 21:04:21.591+0000 WARN  Use of deprecated setting 'dbms.memory.heap.max_size'. It is replaced by 'server.memory.heap.max_size'.
2023-05-21 21:04:21.591+0000 WARN  Use of deprecated setting 'dbms.memory.heap.initial_size'. It is replaced by 'server.memory.heap.initial_size'.
2023-05-21 21:04:21.594+0000 INFO  Starting...
2023-05-21 21:04:25.964+0000 INFO  ======== Neo4j 5.3.0 ========
2023-05-21 21:04:27.378+0000 INFO  This instance is ServerId{f3ddc5cd} (f3ddc5cd-0ae6-467a-9fe3-38374b8fd9ff)
2023-05-21 21:04:36.854+0000 INFO  Sending metrics to CSV file at C:\Users\rodri\.Neo4jDesktop\relate-data\dbmss\dbms-29451ce5-011d-475f-8964-df26924c7f97\metrics
2023-05-21 21:04:36.891+0000 INFO  Bolt enabled on localhost:7687.
2023-05-21 21:04:36.894+0000 INFO  Bolt (Routing) enabled on localhost:7688.
2023-05-21 21:04:37.960+0000 INFO  Remote interface available at http://localhost:7474/
2023-05-21 21:04:37.965+0000 INFO  id: 2635FD7E773A036E0978880849E228965DCE48868134975860B605B51B070BA0
2023-05-21 21:04:37.965+0000 INFO  name: system
2023-05-21 21:04:37.965+0000 INFO  creationDate: 2023-05-21T20:12:25.015Z
2023-05-21 21:04:37.965+0000 INFO  Started.
2023-05-21 21:04:43.276+0000 ERROR [bolt-5] Terminating connection due to unexpected error
org.neo4j.bolt.protocol.error.streaming.BoltStreamingWriteException: Failed to finalize batch: Cannot write result response
	at org.neo4j.bolt.protocol.common.transaction.result.ResultHandler.onFinish(ResultHandler.java:116) ~[neo4j-bolt-5.3.0.jar:5.3.0]
	at org.neo4j.bolt.protocol.common.fsm.AbstractStateMachine.after(AbstractStateMachine.java:126) ~[neo4j-bolt-5.3.0.jar:5.3.0]
	at org.neo4j.bolt.protocol.common.fsm.AbstractStateMachine.process(AbstractStateMachine.java:99) ~[neo4j-bolt-5.3.0.jar:5.3.0]
	at org.neo4j.bolt.protocol.common.connector.connection.AtomicSchedulingConnection.lambda$submit$4(AtomicSchedulingConnection.java:113) ~[neo4j-bolt-5.3.0.jar:5.3.0]
	at org.neo4j.bolt.protocol.common.connector.connection.AtomicSchedulingConnection.executeJob(AtomicSchedulingConnection.java:336) ~[neo4j-bolt-5.3.0.jar:5.3.0]
	at org.neo4j.bolt.protocol.common.connector.connection.AtomicSchedulingConnection.doExecuteJobs(AtomicSchedulingConnection.java:306) ~[neo4j-bolt-5.3.0.jar:5.3.0]
	at org.neo4j.bolt.protocol.common.connector.connection.AtomicSchedulingConnection.executeJobs(AtomicSchedulingConnection.java:212) ~[neo4j-bolt-5.3.0.jar:5.3.0]
	at java.util.concurrent.Executors$RunnableAdapter.call(Executors.java:539) ~[?:?]
	at java.util.concurrent.FutureTask.run(FutureTask.java:264) ~[?:?]
	at java.util.concurrent.ThreadPoolExecutor.runWorker(ThreadPoolExecutor.java:1136) ~[?:?]
	at java.util.concurrent.ThreadPoolExecutor$Worker.run(ThreadPoolExecutor.java:635) ~[?:?]
	at java.lang.Thread.run(Thread.java:833) ~[?:?]
Caused by: io.netty.channel.StacklessClosedChannelException
	at io.netty.channel.AbstractChannel$AbstractUnsafe.write(Object, ChannelPromise)(Unknown Source) ~[netty-transport-4.1.84.Final.jar:4.1.84.Final]
2023-05-21 21:09:04.769+0000 INFO  Neo4j Server shutdown initiated by request
2023-05-21 21:09:04.770+0000 INFO  Stopping...
2023-05-21 21:09:04.772+0000 INFO  Stopped.
2023-05-21 21:09:48.173+0000 INFO  The license agreement was accepted with environment variable NEO4J_ACCEPT_LICENSE_AGREEMENT=yes when the Software was started.

The license agreement is available https://neo4j.com/terms/licensing/

If you do not have a commercial license and want to evaluate the Software
please read the terms of the evaluation agreement before you accept.
https://neo4j.com/terms/enterprise_us/

(c) Neo4j Sweden AB. All Rights Reserved.
Use of this Software without a proper commercial license, or evaluation license
with Neo4j,Inc. or its affiliates is prohibited.
Neo4j has the right to terminate your usage if you are not compliant.

Email inquiries can be directed to: licensing@neo4j.com

More information is also available at: https://neo4j.com/licensing/

2023-05-21 21:09:48.179+0000 WARN  Use of deprecated setting 'dbms.windows_service_name'. It is replaced by 'server.windows_service_name'.
2023-05-21 21:09:48.179+0000 WARN  Use of deprecated setting 'dbms.jvm.additional'. It is replaced by 'server.jvm.additional'.
2023-05-21 21:09:48.179+0000 WARN  Use of deprecated setting 'dbms.memory.pagecache.size'. It is replaced by 'server.memory.pagecache.size'.
2023-05-21 21:09:48.179+0000 WARN  Use of deprecated setting 'dbms.memory.heap.max_size'. It is replaced by 'server.memory.heap.max_size'.
2023-05-21 21:09:48.179+0000 WARN  Use of deprecated setting 'dbms.memory.heap.initial_size'. It is replaced by 'server.memory.heap.initial_size'.
2023-05-21 21:09:48.181+0000 INFO  Starting...
2023-05-21 21:09:50.403+0000 INFO  ======== Neo4j 5.3.0 ========
2023-05-21 21:09:50.436+0000 INFO  This instance is ServerId{f3ddc5cd} (f3ddc5cd-0ae6-467a-9fe3-38374b8fd9ff)
2023-05-21 21:09:53.419+0000 INFO  Sending metrics to CSV file at C:\Users\rodri\.Neo4jDesktop\relate-data\dbmss\dbms-29451ce5-011d-475f-8964-df26924c7f97\metrics
2023-05-21 21:09:53.454+0000 INFO  Bolt enabled on localhost:7687.
2023-05-21 21:09:53.456+0000 INFO  Bolt (Routing) enabled on localhost:7688.
2023-05-21 21:09:54.288+0000 INFO  Remote interface available at http://localhost:7474/
2023-05-21 21:09:54.293+0000 INFO  id: 2635FD7E773A036E0978880849E228965DCE48868134975860B605B51B070BA0
2023-05-21 21:09:54.293+0000 INFO  name: system
2023-05-21 21:09:54.293+0000 INFO  creationDate: 2023-05-21T20:12:25.015Z
2023-05-21 21:09:54.294+0000 INFO  Started.
2023-05-21 21:09:58.975+0000 ERROR [bolt-5] Terminating connection due to unexpected error
org.neo4j.bolt.protocol.error.streaming.BoltStreamingWriteException: Failed to finalize batch: Cannot write result response
	at org.neo4j.bolt.protocol.common.transaction.result.ResultHandler.onFinish(ResultHandler.java:116) ~[neo4j-bolt-5.3.0.jar:5.3.0]
	at org.neo4j.bolt.protocol.common.fsm.AbstractStateMachine.after(AbstractStateMachine.java:126) ~[neo4j-bolt-5.3.0.jar:5.3.0]
	at org.neo4j.bolt.protocol.common.fsm.AbstractStateMachine.process(AbstractStateMachine.java:99) ~[neo4j-bolt-5.3.0.jar:5.3.0]
	at org.neo4j.bolt.protocol.common.connector.connection.AtomicSchedulingConnection.lambda$submit$4(AtomicSchedulingConnection.java:113) ~[neo4j-bolt-5.3.0.jar:5.3.0]
	at org.neo4j.bolt.protocol.common.connector.connection.AtomicSchedulingConnection.executeJob(AtomicSchedulingConnection.java:336) ~[neo4j-bolt-5.3.0.jar:5.3.0]
	at org.neo4j.bolt.protocol.common.connector.connection.AtomicSchedulingConnection.doExecuteJobs(AtomicSchedulingConnection.java:306) ~[neo4j-bolt-5.3.0.jar:5.3.0]
	at org.neo4j.bolt.protocol.common.connector.connection.AtomicSchedulingConnection.executeJobs(AtomicSchedulingConnection.java:212) ~[neo4j-bolt-5.3.0.jar:5.3.0]
	at java.util.concurrent.Executors$RunnableAdapter.call(Executors.java:539) ~[?:?]
	at java.util.concurrent.FutureTask.run(FutureTask.java:264) ~[?:?]
	at java.util.concurrent.ThreadPoolExecutor.runWorker(ThreadPoolExecutor.java:1136) ~[?:?]
	at java.util.concurrent.ThreadPoolExecutor$Worker.run(ThreadPoolExecutor.java:635) ~[?:?]
	at java.lang.Thread.run(Thread.java:833) ~[?:?]
Caused by: io.netty.channel.StacklessClosedChannelException
	at io.netty.channel.AbstractChannel$AbstractUnsafe.write(Object, ChannelPromise)(Unknown Source) ~[netty-transport-4.1.84.Final.jar:4.1.84.Final]
2023-05-21 21:12:37.843+0000 INFO  Neo4j Server shutdown initiated by request
2023-05-21 21:12:37.844+0000 INFO  Stopping...
2023-05-21 21:12:37.845+0000 INFO  Stopped.
2023-05-21 22:53:32.468+0000 INFO  The license agreement was accepted with environment variable NEO4J_ACCEPT_LICENSE_AGREEMENT=yes when the Software was started.

The license agreement is available https://neo4j.com/terms/licensing/

If you do not have a commercial license and want to evaluate the Software
please read the terms of the evaluation agreement before you accept.
https://neo4j.com/terms/enterprise_us/

(c) Neo4j Sweden AB. All Rights Reserved.
Use of this Software without a proper commercial license, or evaluation license
with Neo4j,Inc. or its affiliates is prohibited.
Neo4j has the right to terminate your usage if you are not compliant.

Email inquiries can be directed to: licensing@neo4j.com

More information is also available at: https://neo4j.com/licensing/

2023-05-21 22:53:32.473+0000 WARN  Use of deprecated setting 'dbms.windows_service_name'. It is replaced by 'server.windows_service_name'.
2023-05-21 22:53:32.473+0000 WARN  Use of deprecated setting 'dbms.jvm.additional'. It is replaced by 'server.jvm.additional'.
2023-05-21 22:53:32.473+0000 WARN  Use of deprecated setting 'dbms.memory.pagecache.size'. It is replaced by 'server.memory.pagecache.size'.
2023-05-21 22:53:32.473+0000 WARN  Use of deprecated setting 'dbms.memory.heap.max_size'. It is replaced by 'server.memory.heap.max_size'.
2023-05-21 22:53:32.473+0000 WARN  Use of deprecated setting 'dbms.memory.heap.initial_size'. It is replaced by 'server.memory.heap.initial_size'.
2023-05-21 22:53:32.476+0000 INFO  Starting...
2023-05-21 22:53:35.212+0000 INFO  ======== Neo4j 5.3.0 ========
2023-05-21 22:53:35.244+0000 INFO  This instance is ServerId{f3ddc5cd} (f3ddc5cd-0ae6-467a-9fe3-38374b8fd9ff)
2023-05-21 22:53:38.884+0000 INFO  Sending metrics to CSV file at C:\Users\rodri\.Neo4jDesktop\relate-data\dbmss\dbms-29451ce5-011d-475f-8964-df26924c7f97\metrics
2023-05-21 22:53:38.938+0000 INFO  Bolt enabled on localhost:7687.
2023-05-21 22:53:38.941+0000 INFO  Bolt (Routing) enabled on localhost:7688.
2023-05-21 22:53:40.127+0000 INFO  Remote interface available at http://localhost:7474/
2023-05-21 22:53:40.133+0000 INFO  id: 2635FD7E773A036E0978880849E228965DCE48868134975860B605B51B070BA0
2023-05-21 22:53:40.133+0000 INFO  name: system
2023-05-21 22:53:40.133+0000 INFO  creationDate: 2023-05-21T20:12:25.015Z
2023-05-21 22:53:40.134+0000 INFO  Started.
2023-05-21 22:53:44.965+0000 ERROR [bolt-8] Terminating connection due to unexpected error
org.neo4j.bolt.protocol.error.streaming.BoltStreamingWriteException: Failed to finalize batch: Cannot write result response
	at org.neo4j.bolt.protocol.common.transaction.result.ResultHandler.onFinish(ResultHandler.java:116) ~[neo4j-bolt-5.3.0.jar:5.3.0]
	at org.neo4j.bolt.protocol.common.fsm.AbstractStateMachine.after(AbstractStateMachine.java:126) ~[neo4j-bolt-5.3.0.jar:5.3.0]
	at org.neo4j.bolt.protocol.common.fsm.AbstractStateMachine.process(AbstractStateMachine.java:99) ~[neo4j-bolt-5.3.0.jar:5.3.0]
	at org.neo4j.bolt.protocol.common.connector.connection.AtomicSchedulingConnection.lambda$submit$4(AtomicSchedulingConnection.java:113) ~[neo4j-bolt-5.3.0.jar:5.3.0]
	at org.neo4j.bolt.protocol.common.connector.connection.AtomicSchedulingConnection.executeJob(AtomicSchedulingConnection.java:336) ~[neo4j-bolt-5.3.0.jar:5.3.0]
	at org.neo4j.bolt.protocol.common.connector.connection.AtomicSchedulingConnection.doExecuteJobs(AtomicSchedulingConnection.java:306) ~[neo4j-bolt-5.3.0.jar:5.3.0]
	at org.neo4j.bolt.protocol.common.connector.connection.AtomicSchedulingConnection.executeJobs(AtomicSchedulingConnection.java:212) ~[neo4j-bolt-5.3.0.jar:5.3.0]
	at java.util.concurrent.Executors$RunnableAdapter.call(Executors.java:539) ~[?:?]
	at java.util.concurrent.FutureTask.run(FutureTask.java:264) ~[?:?]
	at java.util.concurrent.ThreadPoolExecutor.runWorker(ThreadPoolExecutor.java:1136) ~[?:?]
	at java.util.concurrent.ThreadPoolExecutor$Worker.run(ThreadPoolExecutor.java:635) ~[?:?]
	at java.lang.Thread.run(Thread.java:833) ~[?:?]
Caused by: io.netty.channel.StacklessClosedChannelException
	at io.netty.channel.AbstractChannel$AbstractUnsafe.write(Object, ChannelPromise)(Unknown Source) ~[netty-transport-4.1.84.Final.jar:4.1.84.Final]
2023-05-21 22:53:44.965+0000 ERROR [bolt-7] Terminating connection due to unexpected error
org.neo4j.bolt.protocol.error.streaming.BoltStreamingWriteException: Failed to finalize batch: Cannot write result response
	at org.neo4j.bolt.protocol.common.transaction.result.ResultHandler.onFinish(ResultHandler.java:116) ~[neo4j-bolt-5.3.0.jar:5.3.0]
	at org.neo4j.bolt.protocol.common.fsm.AbstractStateMachine.after(AbstractStateMachine.java:126) ~[neo4j-bolt-5.3.0.jar:5.3.0]
	at org.neo4j.bolt.protocol.common.fsm.AbstractStateMachine.process(AbstractStateMachine.java:99) ~[neo4j-bolt-5.3.0.jar:5.3.0]
	at org.neo4j.bolt.protocol.common.connector.connection.AtomicSchedulingConnection.lambda$submit$4(AtomicSchedulingConnection.java:113) ~[neo4j-bolt-5.3.0.jar:5.3.0]
	at org.neo4j.bolt.protocol.common.connector.connection.AtomicSchedulingConnection.executeJob(AtomicSchedulingConnection.java:336) ~[neo4j-bolt-5.3.0.jar:5.3.0]
	at org.neo4j.bolt.protocol.common.connector.connection.AtomicSchedulingConnection.doExecuteJobs(AtomicSchedulingConnection.java:306) ~[neo4j-bolt-5.3.0.jar:5.3.0]
	at org.neo4j.bolt.protocol.common.connector.connection.AtomicSchedulingConnection.executeJobs(AtomicSchedulingConnection.java:212) ~[neo4j-bolt-5.3.0.jar:5.3.0]
	at java.util.concurrent.Executors$RunnableAdapter.call(Executors.java:539) ~[?:?]
	at java.util.concurrent.FutureTask.run(FutureTask.java:264) ~[?:?]
	at java.util.concurrent.ThreadPoolExecutor.runWorker(ThreadPoolExecutor.java:1136) ~[?:?]
	at java.util.concurrent.ThreadPoolExecutor$Worker.run(ThreadPoolExecutor.java:635) ~[?:?]
	at java.lang.Thread.run(Thread.java:833) ~[?:?]
Caused by: java.nio.channels.ClosedChannelException
	at io.netty.handler.codec.http.websocketx.WebSocketProtocolHandler.write(WebSocketProtocolHandler.java:113) ~[netty-codec-http-4.1.84.Final.jar:4.1.84.Final]
	at io.netty.handler.codec.http.websocketx.WebSocketServerProtocolHandler.write(WebSocketServerProtocolHandler.java:54) ~[netty-codec-http-4.1.84.Final.jar:4.1.84.Final]
	at io.netty.channel.AbstractChannelHandlerContext.invokeWrite0(AbstractChannelHandlerContext.java:881) ~[netty-transport-4.1.84.Final.jar:4.1.84.Final]
	at io.netty.channel.AbstractChannelHandlerContext.invokeWrite(AbstractChannelHandlerContext.java:863) ~[netty-transport-4.1.84.Final.jar:4.1.84.Final]
	at io.netty.channel.AbstractChannelHandlerContext.write(AbstractChannelHandlerContext.java:968) ~[netty-transport-4.1.84.Final.jar:4.1.84.Final]
	at io.netty.channel.AbstractChannelHandlerContext.write(AbstractChannelHandlerContext.java:856) ~[netty-transport-4.1.84.Final.jar:4.1.84.Final]
	at io.netty.handler.codec.MessageToMessageEncoder.write(MessageToMessageEncoder.java:113) ~[netty-codec-4.1.84.Final.jar:4.1.84.Final]
	at io.netty.channel.AbstractChannelHandlerContext.invokeWrite0(AbstractChannelHandlerContext.java:881) ~[netty-transport-4.1.84.Final.jar:4.1.84.Final]
	at io.netty.channel.AbstractChannelHandlerContext.invokeWrite(AbstractChannelHandlerContext.java:863) ~[netty-transport-4.1.84.Final.jar:4.1.84.Final]
	at io.netty.channel.AbstractChannelHandlerContext.write(AbstractChannelHandlerContext.java:968) ~[netty-transport-4.1.84.Final.jar:4.1.84.Final]
	at io.netty.channel.AbstractChannelHandlerContext.write(AbstractChannelHandlerContext.java:856) ~[netty-transport-4.1.84.Final.jar:4.1.84.Final]
	at org.neo4j.bolt.protocol.common.handler.StateSignalFilterHandler.write(StateSignalFilterHandler.java:41) ~[neo4j-bolt-5.3.0.jar:5.3.0]
	at io.netty.channel.AbstractChannelHandlerContext.invokeWrite0(AbstractChannelHandlerContext.java:881) ~[netty-transport-4.1.84.Final.jar:4.1.84.Final]
	at io.netty.channel.AbstractChannelHandlerContext.invokeWrite(AbstractChannelHandlerContext.java:863) ~[netty-transport-4.1.84.Final.jar:4.1.84.Final]
	at io.netty.channel.AbstractChannelHandlerContext.write(AbstractChannelHandlerContext.java:968) ~[netty-transport-4.1.84.Final.jar:4.1.84.Final]
	at io.netty.channel.AbstractChannelHandlerContext.write(AbstractChannelHandlerContext.java:856) ~[netty-transport-4.1.84.Final.jar:4.1.84.Final]
	at io.netty.handler.codec.MessageToByteEncoder.write(MessageToByteEncoder.java:120) ~[netty-codec-4.1.84.Final.jar:4.1.84.Final]
	at org.neo4j.packstream.codec.transport.FrameSignalEncoder.write(FrameSignalEncoder.java:72) ~[neo4j-bolt-5.3.0.jar:5.3.0]
	at io.netty.channel.AbstractChannelHandlerContext.invokeWrite0(AbstractChannelHandlerContext.java:881) ~[netty-transport-4.1.84.Final.jar:4.1.84.Final]
	at io.netty.channel.AbstractChannelHandlerContext.invokeWrite(AbstractChannelHandlerContext.java:863) ~[netty-transport-4.1.84.Final.jar:4.1.84.Final]
	at io.netty.channel.AbstractChannelHandlerContext.write(AbstractChannelHandlerContext.java:968) ~[netty-transport-4.1.84.Final.jar:4.1.84.Final]
	at io.netty.channel.AbstractChannelHandlerContext.write(AbstractChannelHandlerContext.java:856) ~[netty-transport-4.1.84.Final.jar:4.1.84.Final]
	at io.netty.handler.codec.MessageToByteEncoder.write(MessageToByteEncoder.java:113) ~[netty-codec-4.1.84.Final.jar:4.1.84.Final]
	at io.netty.channel.AbstractChannelHandlerContext.invokeWrite0(AbstractChannelHandlerContext.java:881) ~[netty-transport-4.1.84.Final.jar:4.1.84.Final]
	at io.netty.channel.AbstractChannelHandlerContext.invokeWrite(AbstractChannelHandlerContext.java:863) ~[netty-transport-4.1.84.Final.jar:4.1.84.Final]
	at io.netty.channel.AbstractChannelHandlerContext.write(AbstractChannelHandlerContext.java:968) ~[netty-transport-4.1.84.Final.jar:4.1.84.Final]
	at io.netty.channel.AbstractChannelHandlerContext.write(AbstractChannelHandlerContext.java:856) ~[netty-transport-4.1.84.Final.jar:4.1.84.Final]
	at io.netty.handler.codec.MessageToByteEncoder.write(MessageToByteEncoder.java:113) ~[netty-codec-4.1.84.Final.jar:4.1.84.Final]
	at io.netty.channel.AbstractChannelHandlerContext.invokeWrite0(AbstractChannelHandlerContext.java:881) ~[netty-transport-4.1.84.Final.jar:4.1.84.Final]
	at io.netty.channel.AbstractChannelHandlerContext.invokeWrite(AbstractChannelHandlerContext.java:863) ~[netty-transport-4.1.84.Final.jar:4.1.84.Final]
	at io.netty.channel.AbstractChannelHandlerContext.write(AbstractChannelHandlerContext.java:968) ~[netty-transport-4.1.84.Final.jar:4.1.84.Final]
	at io.netty.channel.AbstractChannelHandlerContext.write(AbstractChannelHandlerContext.java:856) ~[netty-transport-4.1.84.Final.jar:4.1.84.Final]
	at org.neo4j.bolt.runtime.throttle.ChannelReadThrottleHandler.write(ChannelReadThrottleHandler.java:75) ~[neo4j-bolt-5.3.0.jar:5.3.0]
	at io.netty.channel.AbstractChannelHandlerContext.invokeWrite0(AbstractChannelHandlerContext.java:879) ~[netty-transport-4.1.84.Final.jar:4.1.84.Final]
	at io.netty.channel.AbstractChannelHandlerContext.invokeWrite(AbstractChannelHandlerContext.java:863) ~[netty-transport-4.1.84.Final.jar:4.1.84.Final]
	at io.netty.channel.AbstractChannelHandlerContext.write(AbstractChannelHandlerContext.java:968) ~[netty-transport-4.1.84.Final.jar:4.1.84.Final]
	at io.netty.channel.AbstractChannelHandlerContext.write(AbstractChannelHandlerContext.java:856) ~[netty-transport-4.1.84.Final.jar:4.1.84.Final]
	at io.netty.channel.AbstractChannelHandlerContext.write(AbstractChannelHandlerContext.java:851) ~[netty-transport-4.1.84.Final.jar:4.1.84.Final]
	at io.netty.handler.codec.MessageToMessageEncoder.writePromiseCombiner(MessageToMessageEncoder.java:140) ~[netty-codec-4.1.84.Final.jar:4.1.84.Final]
	at io.netty.handler.codec.MessageToMessageEncoder.write(MessageToMessageEncoder.java:120) ~[netty-codec-4.1.84.Final.jar:4.1.84.Final]
	at io.netty.channel.AbstractChannelHandlerContext.invokeWrite0(AbstractChannelHandlerContext.java:881) ~[netty-transport-4.1.84.Final.jar:4.1.84.Final]
	at io.netty.channel.AbstractChannelHandlerContext.invokeWrite(AbstractChannelHandlerContext.java:863) ~[netty-transport-4.1.84.Final.jar:4.1.84.Final]
	at io.netty.channel.AbstractChannelHandlerContext.write(AbstractChannelHandlerContext.java:968) ~[netty-transport-4.1.84.Final.jar:4.1.84.Final]
	at io.netty.channel.AbstractChannelHandlerContext.write(AbstractChannelHandlerContext.java:856) ~[netty-transport-4.1.84.Final.jar:4.1.84.Final]
	at org.neo4j.bolt.protocol.common.handler.RecordResponseAccumulator.write(RecordResponseAccumulator.java:73) ~[neo4j-bolt-5.3.0.jar:5.3.0]
	at io.netty.channel.AbstractChannelHandlerContext.invokeWrite0(AbstractChannelHandlerContext.java:881) ~[netty-transport-4.1.84.Final.jar:4.1.84.Final]
	at io.netty.channel.AbstractChannelHandlerContext.invokeWrite(AbstractChannelHandlerContext.java:863) ~[netty-transport-4.1.84.Final.jar:4.1.84.Final]
	at io.netty.channel.AbstractChannelHandlerContext.write(AbstractChannelHandlerContext.java:968) ~[netty-transport-4.1.84.Final.jar:4.1.84.Final]
	at io.netty.channel.AbstractChannelHandlerContext.write(AbstractChannelHandlerContext.java:856) ~[netty-transport-4.1.84.Final.jar:4.1.84.Final]
	at io.netty.handler.timeout.IdleStateHandler.write(IdleStateHandler.java:302) ~[netty-handler-4.1.84.Final.jar:4.1.84.Final]
	at org.neo4j.bolt.protocol.common.handler.KeepAliveHandler.write(KeepAliveHandler.java:117) ~[neo4j-bolt-5.3.0.jar:5.3.0]
	at io.netty.channel.AbstractChannelHandlerContext.invokeWrite0(AbstractChannelHandlerContext.java:879) ~[netty-transport-4.1.84.Final.jar:4.1.84.Final]
	at io.netty.channel.AbstractChannelHandlerContext.invokeWriteAndFlush(AbstractChannelHandlerContext.java:940) ~[netty-transport-4.1.84.Final.jar:4.1.84.Final]
	at io.netty.channel.AbstractChannelHandlerContext$WriteTask.run(AbstractChannelHandlerContext.java:1247) ~[netty-transport-4.1.84.Final.jar:4.1.84.Final]
	at io.netty.util.concurrent.AbstractEventExecutor.runTask(AbstractEventExecutor.java:174) ~[netty-common-4.1.84.Final.jar:4.1.84.Final]
	at io.netty.util.concurrent.AbstractEventExecutor.safeExecute(AbstractEventExecutor.java:167) ~[netty-common-4.1.84.Final.jar:4.1.84.Final]
	at io.netty.util.concurrent.SingleThreadEventExecutor.runAllTasks(SingleThreadEventExecutor.java:470) ~[netty-common-4.1.84.Final.jar:4.1.84.Final]
	at io.netty.channel.nio.NioEventLoop.run(NioEventLoop.java:566) ~[netty-transport-4.1.84.Final.jar:4.1.84.Final]
	at io.netty.util.concurrent.SingleThreadEventExecutor$4.run(SingleThreadEventExecutor.java:997) ~[netty-common-4.1.84.Final.jar:4.1.84.Final]
	at io.netty.util.internal.ThreadExecutorMap$2.run(ThreadExecutorMap.java:74) ~[netty-common-4.1.84.Final.jar:4.1.84.Final]
	at io.netty.util.concurrent.FastThreadLocalRunnable.run(FastThreadLocalRunnable.java:30) ~[netty-common-4.1.84.Final.jar:4.1.84.Final]
	... 1 more
