2023-05-21 20:12:23.109+0000 INFO  {plugin-com.neo4j.plugin.jwt.auth.JwtAuthPlugin} jwt.auth.private_key=certificates/security.key.pem
2023-05-21 20:12:27.327+0000 INFO  CREATE USER neo4j PASSWORD ****** CHANGE NOT REQUIRED
2023-05-21 20:12:27.526+0000 INFO  CREATE ROLE admin
2023-05-21 20:12:27.527+0000 INFO  GRANT TRANSACTION MANAGEMENT ON DATABASE * TO admin
2023-05-21 20:12:27.531+0000 INFO  GRANT START ON DATABASE * TO admin
2023-05-21 20:12:27.531+0000 INFO  GRANT STOP ON DATABASE * TO admin
2023-05-21 20:12:27.531+0000 INFO  GRANT ALL ON DBMS TO admin
2023-05-21 20:12:27.531+0000 INFO  GRANT CONSTRAINT MANAGEMENT ON DATABASE * TO admin
2023-05-21 20:12:27.531+0000 INFO  GRANT INDEX MANAGEMENT ON DATABASE * TO admin
2023-05-21 20:12:27.532+0000 INFO  GRANT NAME MANAGEMENT ON DATABASE * TO admin
2023-05-21 20:12:27.532+0000 INFO  GRANT WRITE ON GRAPH * TO admin
2023-05-21 20:12:27.532+0000 INFO  GRANT MATCH {*} ON GRAPH * TO admin
2023-05-21 20:12:27.532+0000 INFO  GRANT ACCESS ON DATABASE * TO admin
2023-05-21 20:12:27.532+0000 INFO  GRANT SHOW INDEX ON DATABASE * TO admin
2023-05-21 20:12:27.532+0000 INFO  GRANT SHOW CONSTRAINTS ON DATABASE * TO admin
2023-05-21 20:12:27.532+0000 INFO  CREATE ROLE architect
2023-05-21 20:12:27.533+0000 INFO  GRANT CONSTRAINT MANAGEMENT ON DATABASE * TO architect
2023-05-21 20:12:27.533+0000 INFO  GRANT INDEX MANAGEMENT ON DATABASE * TO architect
2023-05-21 20:12:27.533+0000 INFO  GRANT NAME MANAGEMENT ON DATABASE * TO architect
2023-05-21 20:12:27.533+0000 INFO  GRANT WRITE ON GRAPH * TO architect
2023-05-21 20:12:27.533+0000 INFO  GRANT MATCH {*} ON GRAPH * TO architect
2023-05-21 20:12:27.533+0000 INFO  GRANT ACCESS ON DATABASE * TO architect
2023-05-21 20:12:27.533+0000 INFO  GRANT SHOW INDEX ON DATABASE * TO architect
2023-05-21 20:12:27.534+0000 INFO  GRANT SHOW CONSTRAINTS ON DATABASE * TO architect
2023-05-21 20:12:27.534+0000 INFO  CREATE ROLE publisher
2023-05-21 20:12:27.534+0000 INFO  GRANT NAME MANAGEMENT ON DATABASE * TO publisher
2023-05-21 20:12:27.534+0000 INFO  GRANT WRITE ON GRAPH * TO publisher
2023-05-21 20:12:27.534+0000 INFO  GRANT MATCH {*} ON GRAPH * TO publisher
2023-05-21 20:12:27.534+0000 INFO  GRANT ACCESS ON DATABASE * TO publisher
2023-05-21 20:12:27.534+0000 INFO  GRANT SHOW INDEX ON DATABASE * TO publisher
2023-05-21 20:12:27.535+0000 INFO  GRANT SHOW CONSTRAINTS ON DATABASE * TO publisher
2023-05-21 20:12:27.535+0000 INFO  CREATE ROLE editor
2023-05-21 20:12:27.535+0000 INFO  GRANT WRITE ON GRAPH * TO editor
2023-05-21 20:12:27.535+0000 INFO  GRANT MATCH {*} ON GRAPH * TO editor
2023-05-21 20:12:27.535+0000 INFO  GRANT ACCESS ON DATABASE * TO editor
2023-05-21 20:12:27.535+0000 INFO  GRANT SHOW INDEX ON DATABASE * TO editor
2023-05-21 20:12:27.535+0000 INFO  GRANT SHOW CONSTRAINTS ON DATABASE * TO editor
2023-05-21 20:12:27.535+0000 INFO  CREATE ROLE reader
2023-05-21 20:12:27.535+0000 INFO  GRANT MATCH {*} ON GRAPH * TO reader
2023-05-21 20:12:27.536+0000 INFO  GRANT ACCESS ON DATABASE * TO reader
2023-05-21 20:12:27.536+0000 INFO  GRANT SHOW INDEX ON DATABASE * TO reader
2023-05-21 20:12:27.536+0000 INFO  GRANT SHOW CONSTRAINTS ON DATABASE * TO reader
2023-05-21 20:12:27.536+0000 INFO  CREATE ROLE PUBLIC
2023-05-21 20:12:27.536+0000 INFO  GRANT ACCESS ON HOME DATABASE TO PUBLIC
2023-05-21 20:12:27.536+0000 INFO  GRANT EXECUTE PROCEDURE * ON DBMS TO PUBLIC
2023-05-21 20:12:27.536+0000 INFO  GRANT EXECUTE FUNCTION * ON DBMS TO PUBLIC
2023-05-21 20:12:27.537+0000 INFO  GRANT ROLE admin TO neo4j
2023-05-21 20:12:29.389+0000 INFO  {plugin-com.neo4j.plugin.jwt.auth.JwtAuthPlugin} Log in attempted for user 'neo4j'.
2023-05-21 20:12:29.389+0000 ERROR {plugin-com.neo4j.plugin.jwt.auth.JwtAuthPlugin} Invalid serialized unsecured/JWS/JWE object: Missing part delimiters
2023-05-21 20:12:29.393+0000 INFO  [neo4j]: logged in
2023-05-21 20:12:31.728+0000 INFO  {plugin-com.neo4j.plugin.jwt.auth.JwtAuthPlugin} Log in attempted for user 'neo4j'.
2023-05-21 20:12:31.728+0000 ERROR {plugin-com.neo4j.plugin.jwt.auth.JwtAuthPlugin} Invalid serialized unsecured/JWS/JWE object: Missing part delimiters
2023-05-21 20:12:31.728+0000 INFO  [neo4j]: logged in
2023-05-21 20:12:33.332+0000 INFO  {plugin-com.neo4j.plugin.jwt.auth.JwtAuthPlugin} Log in attempted for user 'neo4j'.
2023-05-21 20:12:33.333+0000 ERROR {plugin-com.neo4j.plugin.jwt.auth.JwtAuthPlugin} Invalid serialized unsecured/JWS/JWE object: Missing part delimiters
2023-05-21 20:12:33.333+0000 INFO  [neo4j]: logged in
2023-05-21 20:12:50.405+0000 INFO  {plugin-com.neo4j.plugin.jwt.auth.JwtAuthPlugin} Log in attempted for user 'neo4j'.
2023-05-21 20:12:50.405+0000 ERROR {plugin-com.neo4j.plugin.jwt.auth.JwtAuthPlugin} Invalid serialized unsecured/JWS/JWE object: Missing part delimiters
2023-05-21 20:12:50.405+0000 INFO  [neo4j]: logged in
2023-05-21 20:12:51.529+0000 INFO  {plugin-com.neo4j.plugin.jwt.auth.JwtAuthPlugin} Log in attempted for user 'neo4j'.
2023-05-21 20:12:51.529+0000 ERROR {plugin-com.neo4j.plugin.jwt.auth.JwtAuthPlugin} Invalid serialized unsecured/JWS/JWE object: Missing part delimiters
2023-05-21 20:12:51.529+0000 INFO  [neo4j]: logged in
2023-05-21 20:12:51.544+0000 INFO  {plugin-com.neo4j.plugin.jwt.auth.JwtAuthPlugin} Log in attempted for user 'neo4j'.
2023-05-21 20:12:51.544+0000 ERROR {plugin-com.neo4j.plugin.jwt.auth.JwtAuthPlugin} Invalid serialized unsecured/JWS/JWE object: Missing part delimiters
2023-05-21 20:12:51.544+0000 INFO  [neo4j]: logged in
2023-05-21 20:12:51.556+0000 INFO  {plugin-com.neo4j.plugin.jwt.auth.JwtAuthPlugin} Log in attempted for user 'neo4j'.
2023-05-21 20:12:51.556+0000 ERROR {plugin-com.neo4j.plugin.jwt.auth.JwtAuthPlugin} Invalid serialized unsecured/JWS/JWE object: Missing part delimiters
2023-05-21 20:12:51.557+0000 INFO  [neo4j]: logged in
2023-05-21 20:21:02.215+0000 INFO  {plugin-com.neo4j.plugin.jwt.auth.JwtAuthPlugin} Log in attempted for user 'neo4j'.
2023-05-21 20:21:02.216+0000 ERROR {plugin-com.neo4j.plugin.jwt.auth.JwtAuthPlugin} Invalid serialized unsecured/JWS/JWE object: Missing part delimiters
2023-05-21 20:21:02.216+0000 INFO  [neo4j]: logged in
2023-05-21 20:21:07.710+0000 INFO  {plugin-com.neo4j.plugin.jwt.auth.JwtAuthPlugin} Log in attempted for user 'neo4j'.
2023-05-21 20:21:07.710+0000 ERROR {plugin-com.neo4j.plugin.jwt.auth.JwtAuthPlugin} Invalid serialized unsecured/JWS/JWE object: Missing part delimiters
2023-05-21 20:21:07.710+0000 INFO  [neo4j]: logged in
2023-05-21 20:21:08.788+0000 INFO  {plugin-com.neo4j.plugin.jwt.auth.JwtAuthPlugin} Log in attempted for user 'neo4j'.
2023-05-21 20:21:08.788+0000 ERROR {plugin-com.neo4j.plugin.jwt.auth.JwtAuthPlugin} Invalid serialized unsecured/JWS/JWE object: Missing part delimiters
2023-05-21 20:21:08.788+0000 INFO  [neo4j]: logged in
2023-05-21 20:21:08.800+0000 INFO  {plugin-com.neo4j.plugin.jwt.auth.JwtAuthPlugin} Log in attempted for user 'neo4j'.
2023-05-21 20:21:08.800+0000 ERROR {plugin-com.neo4j.plugin.jwt.auth.JwtAuthPlugin} Invalid serialized unsecured/JWS/JWE object: Missing part delimiters
2023-05-21 20:21:08.800+0000 INFO  [neo4j]: logged in
2023-05-21 20:21:08.812+0000 INFO  {plugin-com.neo4j.plugin.jwt.auth.JwtAuthPlugin} Log in attempted for user 'neo4j'.
2023-05-21 20:21:08.812+0000 ERROR {plugin-com.neo4j.plugin.jwt.auth.JwtAuthPlugin} Invalid serialized unsecured/JWS/JWE object: Missing part delimiters
2023-05-21 20:21:08.812+0000 INFO  [neo4j]: logged in
2023-05-21 20:43:05.422+0000 INFO  {plugin-com.neo4j.plugin.jwt.auth.JwtAuthPlugin} Log in attempted for user 'neo4j'.
2023-05-21 20:43:05.423+0000 ERROR {plugin-com.neo4j.plugin.jwt.auth.JwtAuthPlugin} Invalid serialized unsecured/JWS/JWE object: Missing part delimiters
2023-05-21 20:43:05.424+0000 INFO  [neo4j]: logged in
2023-05-21 20:43:05.577+0000 INFO  {plugin-com.neo4j.plugin.jwt.auth.JwtAuthPlugin} Log in attempted for user 'neo4j'.
2023-05-21 20:43:05.577+0000 ERROR {plugin-com.neo4j.plugin.jwt.auth.JwtAuthPlugin} Invalid serialized unsecured/JWS/JWE object: Missing part delimiters
2023-05-21 20:43:05.577+0000 INFO  [neo4j]: logged in
2023-05-21 20:43:05.723+0000 INFO  {plugin-com.neo4j.plugin.jwt.auth.JwtAuthPlugin} Log in attempted for user 'neo4j'.
2023-05-21 20:43:05.723+0000 ERROR {plugin-com.neo4j.plugin.jwt.auth.JwtAuthPlugin} Invalid serialized unsecured/JWS/JWE object: Missing part delimiters
2023-05-21 20:43:05.723+0000 INFO  [neo4j]: logged in
2023-05-21 20:43:06.203+0000 INFO  {plugin-com.neo4j.plugin.jwt.auth.JwtAuthPlugin} Log in attempted for user 'neo4j'.
2023-05-21 20:43:06.217+0000 INFO  [neo4j]: logged in
2023-05-21 20:44:01.845+0000 INFO  {plugin-com.neo4j.plugin.jwt.auth.JwtAuthPlugin} jwt.auth.private_key=certificates/security.key.pem
2023-05-21 20:44:08.017+0000 INFO  {plugin-com.neo4j.plugin.jwt.auth.JwtAuthPlugin} Log in attempted for user 'neo4j'.
2023-05-21 20:44:08.018+0000 ERROR {plugin-com.neo4j.plugin.jwt.auth.JwtAuthPlugin} Invalid serialized unsecured/JWS/JWE object: Missing part delimiters
2023-05-21 20:44:08.022+0000 INFO  [neo4j]: logged in
2023-05-21 20:44:10.321+0000 INFO  {plugin-com.neo4j.plugin.jwt.auth.JwtAuthPlugin} Log in attempted for user 'neo4j'.
2023-05-21 20:44:10.321+0000 ERROR {plugin-com.neo4j.plugin.jwt.auth.JwtAuthPlugin} Invalid serialized unsecured/JWS/JWE object: Missing part delimiters
2023-05-21 20:44:10.321+0000 INFO  [neo4j]: logged in
2023-05-21 20:44:11.865+0000 INFO  {plugin-com.neo4j.plugin.jwt.auth.JwtAuthPlugin} Log in attempted for user 'neo4j'.
2023-05-21 20:44:11.865+0000 ERROR {plugin-com.neo4j.plugin.jwt.auth.JwtAuthPlugin} Invalid serialized unsecured/JWS/JWE object: Missing part delimiters
2023-05-21 20:44:11.865+0000 INFO  [neo4j]: logged in
2023-05-21 20:44:16.802+0000 INFO  {plugin-com.neo4j.plugin.jwt.auth.JwtAuthPlugin} Log in attempted for user 'neo4j'.
2023-05-21 20:44:16.802+0000 ERROR {plugin-com.neo4j.plugin.jwt.auth.JwtAuthPlugin} Invalid serialized unsecured/JWS/JWE object: Missing part delimiters
2023-05-21 20:44:16.802+0000 INFO  [neo4j]: logged in
2023-05-21 20:44:17.978+0000 INFO  {plugin-com.neo4j.plugin.jwt.auth.JwtAuthPlugin} Log in attempted for user 'neo4j'.
2023-05-21 20:44:17.978+0000 ERROR {plugin-com.neo4j.plugin.jwt.auth.JwtAuthPlugin} Invalid serialized unsecured/JWS/JWE object: Missing part delimiters
2023-05-21 20:44:17.978+0000 INFO  [neo4j]: logged in
2023-05-21 20:44:17.989+0000 INFO  {plugin-com.neo4j.plugin.jwt.auth.JwtAuthPlugin} Log in attempted for user 'neo4j'.
2023-05-21 20:44:17.990+0000 ERROR {plugin-com.neo4j.plugin.jwt.auth.JwtAuthPlugin} Invalid serialized unsecured/JWS/JWE object: Missing part delimiters
2023-05-21 20:44:17.990+0000 INFO  [neo4j]: logged in
2023-05-21 20:44:18.004+0000 INFO  {plugin-com.neo4j.plugin.jwt.auth.JwtAuthPlugin} Log in attempted for user 'neo4j'.
2023-05-21 20:44:18.004+0000 ERROR {plugin-com.neo4j.plugin.jwt.auth.JwtAuthPlugin} Invalid serialized unsecured/JWS/JWE object: Missing part delimiters
2023-05-21 20:44:18.004+0000 INFO  [neo4j]: logged in
2023-05-21 20:44:19.575+0000 INFO  {plugin-com.neo4j.plugin.jwt.auth.JwtAuthPlugin} Log in attempted for user 'neo4j'.
2023-05-21 20:44:19.575+0000 ERROR {plugin-com.neo4j.plugin.jwt.auth.JwtAuthPlugin} Invalid serialized unsecured/JWS/JWE object: Missing part delimiters
2023-05-21 20:44:19.575+0000 INFO  [neo4j]: logged in
2023-05-21 20:49:13.209+0000 INFO  {plugin-com.neo4j.plugin.jwt.auth.JwtAuthPlugin} Log in attempted for user 'neo4j'.
2023-05-21 20:49:13.212+0000 ERROR {plugin-com.neo4j.plugin.jwt.auth.JwtAuthPlugin} Invalid serialized unsecured/JWS/JWE object: Missing part delimiters
2023-05-21 20:49:13.212+0000 INFO  [neo4j]: logged in
2023-05-21 20:49:14.861+0000 INFO  {plugin-com.neo4j.plugin.jwt.auth.JwtAuthPlugin} Log in attempted for user 'neo4j'.
2023-05-21 20:49:14.861+0000 ERROR {plugin-com.neo4j.plugin.jwt.auth.JwtAuthPlugin} Invalid serialized unsecured/JWS/JWE object: Missing part delimiters
2023-05-21 20:49:14.861+0000 INFO  [neo4j]: logged in
2023-05-21 20:49:14.888+0000 INFO  {plugin-com.neo4j.plugin.jwt.auth.JwtAuthPlugin} Log in attempted for user 'neo4j'.
2023-05-21 20:49:14.889+0000 ERROR {plugin-com.neo4j.plugin.jwt.auth.JwtAuthPlugin} Invalid serialized unsecured/JWS/JWE object: Missing part delimiters
2023-05-21 20:49:14.889+0000 INFO  [neo4j]: logged in
2023-05-21 20:49:14.896+0000 INFO  {plugin-com.neo4j.plugin.jwt.auth.JwtAuthPlugin} Log in attempted for user 'neo4j'.
2023-05-21 20:49:14.896+0000 ERROR {plugin-com.neo4j.plugin.jwt.auth.JwtAuthPlugin} Invalid serialized unsecured/JWS/JWE object: Missing part delimiters
2023-05-21 20:49:14.896+0000 INFO  [neo4j]: logged in
2023-05-21 20:49:54.285+0000 INFO  {plugin-com.neo4j.plugin.jwt.auth.JwtAuthPlugin} Log in attempted for user 'neo4j'.
2023-05-21 20:49:54.285+0000 ERROR {plugin-com.neo4j.plugin.jwt.auth.JwtAuthPlugin} Invalid serialized unsecured/JWS/JWE object: Missing part delimiters
2023-05-21 20:49:54.285+0000 INFO  [neo4j]: logged in
2023-05-21 20:49:54.333+0000 INFO  {plugin-com.neo4j.plugin.jwt.auth.JwtAuthPlugin} Log in attempted for user 'neo4j'.
2023-05-21 20:49:54.333+0000 ERROR {plugin-com.neo4j.plugin.jwt.auth.JwtAuthPlugin} Invalid serialized unsecured/JWS/JWE object: Missing part delimiters
2023-05-21 20:49:54.334+0000 INFO  [neo4j]: logged in
2023-05-21 20:49:54.477+0000 INFO  {plugin-com.neo4j.plugin.jwt.auth.JwtAuthPlugin} Log in attempted for user 'neo4j'.
2023-05-21 20:49:54.477+0000 ERROR {plugin-com.neo4j.plugin.jwt.auth.JwtAuthPlugin} Invalid serialized unsecured/JWS/JWE object: Missing part delimiters
2023-05-21 20:49:54.477+0000 INFO  [neo4j]: logged in
2023-05-21 20:49:54.784+0000 INFO  {plugin-com.neo4j.plugin.jwt.auth.JwtAuthPlugin} Log in attempted for user 'neo4j'.
2023-05-21 20:49:54.796+0000 INFO  [neo4j]: logged in
2023-05-21 21:03:11.015+0000 INFO  {plugin-com.neo4j.plugin.jwt.auth.JwtAuthPlugin} jwt.auth.private_key=certificates/security.key.pem
2023-05-21 21:03:17.857+0000 INFO  {plugin-com.neo4j.plugin.jwt.auth.JwtAuthPlugin} Log in attempted for user 'neo4j'.
2023-05-21 21:03:17.857+0000 ERROR {plugin-com.neo4j.plugin.jwt.auth.JwtAuthPlugin} Invalid serialized unsecured/JWS/JWE object: Missing part delimiters
2023-05-21 21:03:17.861+0000 INFO  [neo4j]: logged in
2023-05-21 21:03:20.023+0000 INFO  {plugin-com.neo4j.plugin.jwt.auth.JwtAuthPlugin} Log in attempted for user 'neo4j'.
2023-05-21 21:03:20.023+0000 ERROR {plugin-com.neo4j.plugin.jwt.auth.JwtAuthPlugin} Invalid serialized unsecured/JWS/JWE object: Missing part delimiters
2023-05-21 21:03:20.023+0000 INFO  [neo4j]: logged in
2023-05-21 21:03:22.209+0000 INFO  {plugin-com.neo4j.plugin.jwt.auth.JwtAuthPlugin} Log in attempted for user 'neo4j'.
2023-05-21 21:03:22.209+0000 ERROR {plugin-com.neo4j.plugin.jwt.auth.JwtAuthPlugin} Invalid serialized unsecured/JWS/JWE object: Missing part delimiters
2023-05-21 21:03:22.209+0000 INFO  [neo4j]: logged in
2023-05-21 21:03:53.427+0000 INFO  {plugin-com.neo4j.plugin.jwt.auth.JwtAuthPlugin} Log in attempted for user 'neo4j'.
2023-05-21 21:03:53.428+0000 ERROR {plugin-com.neo4j.plugin.jwt.auth.JwtAuthPlugin} Invalid serialized unsecured/JWS/JWE object: Missing part delimiters
2023-05-21 21:03:53.428+0000 INFO  [neo4j]: logged in
2023-05-21 21:03:53.478+0000 INFO  {plugin-com.neo4j.plugin.jwt.auth.JwtAuthPlugin} Log in attempted for user 'neo4j'.
2023-05-21 21:03:53.478+0000 ERROR {plugin-com.neo4j.plugin.jwt.auth.JwtAuthPlugin} Invalid serialized unsecured/JWS/JWE object: Missing part delimiters
2023-05-21 21:03:53.479+0000 INFO  [neo4j]: logged in
2023-05-21 21:03:53.638+0000 INFO  {plugin-com.neo4j.plugin.jwt.auth.JwtAuthPlugin} Log in attempted for user 'neo4j'.
2023-05-21 21:03:53.638+0000 ERROR {plugin-com.neo4j.plugin.jwt.auth.JwtAuthPlugin} Invalid serialized unsecured/JWS/JWE object: Missing part delimiters
2023-05-21 21:03:53.639+0000 INFO  [neo4j]: logged in
2023-05-21 21:03:53.845+0000 INFO  {plugin-com.neo4j.plugin.jwt.auth.JwtAuthPlugin} Log in attempted for user 'neo4j'.
2023-05-21 21:03:53.850+0000 INFO  [neo4j]: logged in
2023-05-21 21:04:27.385+0000 INFO  {plugin-com.neo4j.plugin.jwt.auth.JwtAuthPlugin} jwt.auth.private_key=certificates/security.key.pem
2023-05-21 21:04:39.270+0000 INFO  {plugin-com.neo4j.plugin.jwt.auth.JwtAuthPlugin} Log in attempted for user 'neo4j'.
2023-05-21 21:04:39.270+0000 ERROR {plugin-com.neo4j.plugin.jwt.auth.JwtAuthPlugin} Invalid serialized unsecured/JWS/JWE object: Missing part delimiters
2023-05-21 21:04:39.276+0000 INFO  [neo4j]: logged in
2023-05-21 21:04:41.402+0000 INFO  {plugin-com.neo4j.plugin.jwt.auth.JwtAuthPlugin} Log in attempted for user 'neo4j'.
2023-05-21 21:04:41.402+0000 ERROR {plugin-com.neo4j.plugin.jwt.auth.JwtAuthPlugin} Invalid serialized unsecured/JWS/JWE object: Missing part delimiters
2023-05-21 21:04:41.403+0000 INFO  [neo4j]: logged in
2023-05-21 21:04:42.861+0000 INFO  {plugin-com.neo4j.plugin.jwt.auth.JwtAuthPlugin} Log in attempted for user 'neo4j'.
2023-05-21 21:04:42.862+0000 ERROR {plugin-com.neo4j.plugin.jwt.auth.JwtAuthPlugin} Invalid serialized unsecured/JWS/JWE object: Missing part delimiters
2023-05-21 21:04:42.862+0000 INFO  [neo4j]: logged in
2023-05-21 21:04:47.635+0000 INFO  {plugin-com.neo4j.plugin.jwt.auth.JwtAuthPlugin} Log in attempted for user 'neo4j'.
2023-05-21 21:04:47.635+0000 ERROR {plugin-com.neo4j.plugin.jwt.auth.JwtAuthPlugin} Invalid serialized unsecured/JWS/JWE object: Missing part delimiters
2023-05-21 21:04:47.635+0000 INFO  [neo4j]: logged in
2023-05-21 21:04:48.777+0000 INFO  {plugin-com.neo4j.plugin.jwt.auth.JwtAuthPlugin} Log in attempted for user 'neo4j'.
2023-05-21 21:04:48.777+0000 ERROR {plugin-com.neo4j.plugin.jwt.auth.JwtAuthPlugin} Invalid serialized unsecured/JWS/JWE object: Missing part delimiters
2023-05-21 21:04:48.777+0000 INFO  [neo4j]: logged in
2023-05-21 21:04:48.788+0000 INFO  {plugin-com.neo4j.plugin.jwt.auth.JwtAuthPlugin} Log in attempted for user 'neo4j'.
2023-05-21 21:04:48.788+0000 ERROR {plugin-com.neo4j.plugin.jwt.auth.JwtAuthPlugin} Invalid serialized unsecured/JWS/JWE object: Missing part delimiters
2023-05-21 21:04:48.789+0000 INFO  [neo4j]: logged in
2023-05-21 21:04:48.801+0000 INFO  {plugin-com.neo4j.plugin.jwt.auth.JwtAuthPlugin} Log in attempted for user 'neo4j'.
2023-05-21 21:04:48.802+0000 ERROR {plugin-com.neo4j.plugin.jwt.auth.JwtAuthPlugin} Invalid serialized unsecured/JWS/JWE object: Missing part delimiters
2023-05-21 21:04:48.802+0000 INFO  [neo4j]: logged in
2023-05-21 21:08:47.597+0000 INFO  {plugin-com.neo4j.plugin.jwt.auth.JwtAuthPlugin} Log in attempted for user 'neo4j'.
2023-05-21 21:08:47.597+0000 ERROR {plugin-com.neo4j.plugin.jwt.auth.JwtAuthPlugin} Invalid serialized unsecured/JWS/JWE object: Missing part delimiters
2023-05-21 21:08:47.597+0000 INFO  [neo4j]: logged in
2023-05-21 21:08:47.626+0000 INFO  {plugin-com.neo4j.plugin.jwt.auth.JwtAuthPlugin} Log in attempted for user 'neo4j'.
2023-05-21 21:08:47.626+0000 ERROR {plugin-com.neo4j.plugin.jwt.auth.JwtAuthPlugin} Invalid serialized unsecured/JWS/JWE object: Missing part delimiters
2023-05-21 21:08:47.626+0000 INFO  [neo4j]: logged in
2023-05-21 21:08:47.739+0000 INFO  {plugin-com.neo4j.plugin.jwt.auth.JwtAuthPlugin} Log in attempted for user 'neo4j'.
2023-05-21 21:08:47.739+0000 ERROR {plugin-com.neo4j.plugin.jwt.auth.JwtAuthPlugin} Invalid serialized unsecured/JWS/JWE object: Missing part delimiters
2023-05-21 21:08:47.739+0000 INFO  [neo4j]: logged in
2023-05-21 21:08:47.902+0000 INFO  {plugin-com.neo4j.plugin.jwt.auth.JwtAuthPlugin} Log in attempted for user 'neo4j'.
2023-05-21 21:08:47.908+0000 INFO  [neo4j]: logged in
2023-05-21 21:09:50.443+0000 INFO  {plugin-com.neo4j.plugin.jwt.auth.JwtAuthPlugin} jwt.auth.private_key=certificates/security.key.pem
2023-05-21 21:09:55.331+0000 INFO  {plugin-com.neo4j.plugin.jwt.auth.JwtAuthPlugin} Log in attempted for user 'neo4j'.
2023-05-21 21:09:55.331+0000 ERROR {plugin-com.neo4j.plugin.jwt.auth.JwtAuthPlugin} Invalid serialized unsecured/JWS/JWE object: Missing part delimiters
2023-05-21 21:09:55.336+0000 INFO  [neo4j]: logged in
2023-05-21 21:09:57.012+0000 INFO  {plugin-com.neo4j.plugin.jwt.auth.JwtAuthPlugin} Log in attempted for user 'neo4j'.
2023-05-21 21:09:57.013+0000 ERROR {plugin-com.neo4j.plugin.jwt.auth.JwtAuthPlugin} Invalid serialized unsecured/JWS/JWE object: Missing part delimiters
2023-05-21 21:09:57.013+0000 INFO  [neo4j]: logged in
2023-05-21 21:09:58.556+0000 INFO  {plugin-com.neo4j.plugin.jwt.auth.JwtAuthPlugin} Log in attempted for user 'neo4j'.
2023-05-21 21:09:58.556+0000 ERROR {plugin-com.neo4j.plugin.jwt.auth.JwtAuthPlugin} Invalid serialized unsecured/JWS/JWE object: Missing part delimiters
2023-05-21 21:09:58.556+0000 INFO  [neo4j]: logged in
2023-05-21 21:10:11.274+0000 INFO  {plugin-com.neo4j.plugin.jwt.auth.JwtAuthPlugin} Log in attempted for user 'neo4j'.
2023-05-21 21:10:11.274+0000 ERROR {plugin-com.neo4j.plugin.jwt.auth.JwtAuthPlugin} Invalid serialized unsecured/JWS/JWE object: Missing part delimiters
2023-05-21 21:10:11.274+0000 INFO  [neo4j]: logged in
2023-05-21 21:10:11.339+0000 INFO  {plugin-com.neo4j.plugin.jwt.auth.JwtAuthPlugin} Log in attempted for user 'neo4j'.
2023-05-21 21:10:11.339+0000 ERROR {plugin-com.neo4j.plugin.jwt.auth.JwtAuthPlugin} Invalid serialized unsecured/JWS/JWE object: Missing part delimiters
2023-05-21 21:10:11.339+0000 INFO  [neo4j]: logged in
2023-05-21 21:10:12.051+0000 INFO  [neo4j]: CREATE DATABASE Tutores
2023-05-21 21:10:12.157+0000 INFO  {plugin-com.neo4j.plugin.jwt.auth.JwtAuthPlugin} Log in attempted for user 'neo4j'.
2023-05-21 21:10:12.157+0000 ERROR {plugin-com.neo4j.plugin.jwt.auth.JwtAuthPlugin} Invalid serialized unsecured/JWS/JWE object: Missing part delimiters
2023-05-21 21:10:12.157+0000 INFO  [neo4j]: logged in
2023-05-21 21:10:22.379+0000 INFO  {plugin-com.neo4j.plugin.jwt.auth.JwtAuthPlugin} Log in attempted for user 'neo4j'.
2023-05-21 21:10:22.379+0000 ERROR {plugin-com.neo4j.plugin.jwt.auth.JwtAuthPlugin} Invalid serialized unsecured/JWS/JWE object: Missing part delimiters
2023-05-21 21:10:22.379+0000 INFO  [neo4j]: logged in
2023-05-21 21:10:23.499+0000 INFO  {plugin-com.neo4j.plugin.jwt.auth.JwtAuthPlugin} Log in attempted for user 'neo4j'.
2023-05-21 21:10:23.499+0000 ERROR {plugin-com.neo4j.plugin.jwt.auth.JwtAuthPlugin} Invalid serialized unsecured/JWS/JWE object: Missing part delimiters
2023-05-21 21:10:23.499+0000 INFO  [neo4j]: logged in
2023-05-21 21:10:23.512+0000 INFO  {plugin-com.neo4j.plugin.jwt.auth.JwtAuthPlugin} Log in attempted for user 'neo4j'.
2023-05-21 21:10:23.512+0000 ERROR {plugin-com.neo4j.plugin.jwt.auth.JwtAuthPlugin} Invalid serialized unsecured/JWS/JWE object: Missing part delimiters
2023-05-21 21:10:23.512+0000 INFO  [neo4j]: logged in
2023-05-21 21:10:23.523+0000 INFO  {plugin-com.neo4j.plugin.jwt.auth.JwtAuthPlugin} Log in attempted for user 'neo4j'.
2023-05-21 21:10:23.523+0000 ERROR {plugin-com.neo4j.plugin.jwt.auth.JwtAuthPlugin} Invalid serialized unsecured/JWS/JWE object: Missing part delimiters
2023-05-21 21:10:23.524+0000 INFO  [neo4j]: logged in
2023-05-21 21:12:19.651+0000 INFO  {plugin-com.neo4j.plugin.jwt.auth.JwtAuthPlugin} Log in attempted for user 'neo4j'.
2023-05-21 21:12:19.652+0000 ERROR {plugin-com.neo4j.plugin.jwt.auth.JwtAuthPlugin} Invalid serialized unsecured/JWS/JWE object: Missing part delimiters
2023-05-21 21:12:19.652+0000 INFO  [neo4j]: logged in
2023-05-21 21:12:19.689+0000 INFO  {plugin-com.neo4j.plugin.jwt.auth.JwtAuthPlugin} Log in attempted for user 'neo4j'.
2023-05-21 21:12:19.689+0000 ERROR {plugin-com.neo4j.plugin.jwt.auth.JwtAuthPlugin} Invalid serialized unsecured/JWS/JWE object: Missing part delimiters
2023-05-21 21:12:19.690+0000 INFO  [neo4j]: logged in
2023-05-21 21:12:19.701+0000 INFO  {plugin-com.neo4j.plugin.jwt.auth.JwtAuthPlugin} Log in attempted for user 'neo4j'.
2023-05-21 21:12:19.701+0000 ERROR {plugin-com.neo4j.plugin.jwt.auth.JwtAuthPlugin} Invalid serialized unsecured/JWS/JWE object: Missing part delimiters
2023-05-21 21:12:19.702+0000 INFO  [neo4j]: logged in
2023-05-21 21:12:19.944+0000 INFO  {plugin-com.neo4j.plugin.jwt.auth.JwtAuthPlugin} Log in attempted for user 'neo4j'.
2023-05-21 21:12:19.944+0000 ERROR {plugin-com.neo4j.plugin.jwt.auth.JwtAuthPlugin} Invalid serialized unsecured/JWS/JWE object: Missing part delimiters
2023-05-21 21:12:19.944+0000 INFO  [neo4j]: logged in
2023-05-21 21:12:20.106+0000 INFO  {plugin-com.neo4j.plugin.jwt.auth.JwtAuthPlugin} Log in attempted for user 'neo4j'.
2023-05-21 21:12:20.111+0000 INFO  [neo4j]: logged in
2023-05-21 22:53:35.254+0000 INFO  {plugin-com.neo4j.plugin.jwt.auth.JwtAuthPlugin} jwt.auth.private_key=certificates/security.key.pem
2023-05-21 22:53:41.592+0000 INFO  {plugin-com.neo4j.plugin.jwt.auth.JwtAuthPlugin} Log in attempted for user 'neo4j'.
2023-05-21 22:53:41.592+0000 ERROR {plugin-com.neo4j.plugin.jwt.auth.JwtAuthPlugin} Invalid serialized unsecured/JWS/JWE object: Missing part delimiters
2023-05-21 22:53:41.597+0000 INFO  [neo4j]: logged in
2023-05-21 22:53:41.980+0000 INFO  {plugin-com.neo4j.plugin.jwt.auth.JwtAuthPlugin} Log in attempted for user 'neo4j'.
2023-05-21 22:53:41.981+0000 ERROR {plugin-com.neo4j.plugin.jwt.auth.JwtAuthPlugin} Invalid serialized unsecured/JWS/JWE object: Missing part delimiters
2023-05-21 22:53:41.981+0000 INFO  [neo4j]: logged in
2023-05-21 22:53:44.102+0000 INFO  {plugin-com.neo4j.plugin.jwt.auth.JwtAuthPlugin} Log in attempted for user 'neo4j'.
2023-05-21 22:53:44.102+0000 ERROR {plugin-com.neo4j.plugin.jwt.auth.JwtAuthPlugin} Invalid serialized unsecured/JWS/JWE object: Missing part delimiters
2023-05-21 22:53:44.102+0000 INFO  [neo4j]: logged in
2023-05-21 22:53:44.445+0000 INFO  {plugin-com.neo4j.plugin.jwt.auth.JwtAuthPlugin} Log in attempted for user 'neo4j'.
2023-05-21 22:53:44.445+0000 ERROR {plugin-com.neo4j.plugin.jwt.auth.JwtAuthPlugin} Invalid serialized unsecured/JWS/JWE object: Missing part delimiters
2023-05-21 22:53:44.446+0000 INFO  [neo4j]: logged in
2023-05-21 22:53:44.465+0000 INFO  {plugin-com.neo4j.plugin.jwt.auth.JwtAuthPlugin} Log in attempted for user 'neo4j'.
2023-05-21 22:53:44.466+0000 ERROR {plugin-com.neo4j.plugin.jwt.auth.JwtAuthPlugin} Invalid serialized unsecured/JWS/JWE object: Missing part delimiters
2023-05-21 22:53:44.466+0000 INFO  [neo4j]: logged in
2023-05-21 22:53:45.422+0000 INFO  {plugin-com.neo4j.plugin.jwt.auth.JwtAuthPlugin} Log in attempted for user 'neo4j'.
2023-05-21 22:53:45.422+0000 ERROR {plugin-com.neo4j.plugin.jwt.auth.JwtAuthPlugin} Invalid serialized unsecured/JWS/JWE object: Missing part delimiters
2023-05-21 22:53:45.422+0000 INFO  [neo4j]: logged in
2023-05-21 22:53:45.436+0000 INFO  {plugin-com.neo4j.plugin.jwt.auth.JwtAuthPlugin} Log in attempted for user 'neo4j'.
2023-05-21 22:53:45.437+0000 ERROR {plugin-com.neo4j.plugin.jwt.auth.JwtAuthPlugin} Invalid serialized unsecured/JWS/JWE object: Missing part delimiters
2023-05-21 22:53:45.437+0000 INFO  [neo4j]: logged in
2023-05-21 22:53:45.449+0000 INFO  {plugin-com.neo4j.plugin.jwt.auth.JwtAuthPlugin} Log in attempted for user 'neo4j'.
2023-05-21 22:53:45.450+0000 ERROR {plugin-com.neo4j.plugin.jwt.auth.JwtAuthPlugin} Invalid serialized unsecured/JWS/JWE object: Missing part delimiters
2023-05-21 22:53:45.450+0000 INFO  [neo4j]: logged in
2023-05-21 22:53:45.691+0000 INFO  {plugin-com.neo4j.plugin.jwt.auth.JwtAuthPlugin} Log in attempted for user 'neo4j'.
2023-05-21 22:53:45.691+0000 ERROR {plugin-com.neo4j.plugin.jwt.auth.JwtAuthPlugin} Invalid serialized unsecured/JWS/JWE object: Missing part delimiters
2023-05-21 22:53:45.691+0000 INFO  [neo4j]: logged in
2023-05-21 22:53:45.704+0000 INFO  {plugin-com.neo4j.plugin.jwt.auth.JwtAuthPlugin} Log in attempted for user 'neo4j'.
2023-05-21 22:53:45.704+0000 ERROR {plugin-com.neo4j.plugin.jwt.auth.JwtAuthPlugin} Invalid serialized unsecured/JWS/JWE object: Missing part delimiters
2023-05-21 22:53:45.705+0000 INFO  [neo4j]: logged in
2023-05-21 23:53:51.426+0000 INFO  {plugin-com.neo4j.plugin.jwt.auth.JwtAuthPlugin} Log in attempted for user 'neo4j'.
2023-05-21 23:53:51.428+0000 ERROR {plugin-com.neo4j.plugin.jwt.auth.JwtAuthPlugin} Invalid serialized unsecured/JWS/JWE object: Missing part delimiters
2023-05-21 23:53:51.428+0000 INFO  [neo4j]: logged in
2023-05-21 23:53:51.465+0000 INFO  {plugin-com.neo4j.plugin.jwt.auth.JwtAuthPlugin} Log in attempted for user 'neo4j'.
2023-05-21 23:53:51.465+0000 ERROR {plugin-com.neo4j.plugin.jwt.auth.JwtAuthPlugin} Invalid serialized unsecured/JWS/JWE object: Missing part delimiters
2023-05-21 23:53:51.466+0000 INFO  [neo4j]: logged in
2023-05-21 23:53:51.733+0000 INFO  {plugin-com.neo4j.plugin.jwt.auth.JwtAuthPlugin} Log in attempted for user 'neo4j'.
2023-05-21 23:53:51.734+0000 ERROR {plugin-com.neo4j.plugin.jwt.auth.JwtAuthPlugin} Invalid serialized unsecured/JWS/JWE object: Missing part delimiters
2023-05-21 23:53:51.734+0000 INFO  [neo4j]: logged in
2023-05-21 23:53:51.747+0000 INFO  {plugin-com.neo4j.plugin.jwt.auth.JwtAuthPlugin} Log in attempted for user 'neo4j'.
2023-05-21 23:53:51.747+0000 ERROR {plugin-com.neo4j.plugin.jwt.auth.JwtAuthPlugin} Invalid serialized unsecured/JWS/JWE object: Missing part delimiters
2023-05-21 23:53:51.747+0000 INFO  [neo4j]: logged in
2023-05-21 23:53:51.758+0000 INFO  {plugin-com.neo4j.plugin.jwt.auth.JwtAuthPlugin} Log in attempted for user 'neo4j'.
2023-05-21 23:53:51.758+0000 ERROR {plugin-com.neo4j.plugin.jwt.auth.JwtAuthPlugin} Invalid serialized unsecured/JWS/JWE object: Missing part delimiters
2023-05-21 23:53:51.758+0000 INFO  [neo4j]: logged in
2023-05-21 23:53:52.535+0000 INFO  {plugin-com.neo4j.plugin.jwt.auth.JwtAuthPlugin} Log in attempted for user 'neo4j'.
2023-05-21 23:53:52.535+0000 ERROR {plugin-com.neo4j.plugin.jwt.auth.JwtAuthPlugin} Invalid serialized unsecured/JWS/JWE object: Missing part delimiters
2023-05-21 23:53:52.536+0000 INFO  [neo4j]: logged in
2023-05-21 23:53:52.543+0000 INFO  {plugin-com.neo4j.plugin.jwt.auth.JwtAuthPlugin} Log in attempted for user 'neo4j'.
2023-05-21 23:53:52.543+0000 ERROR {plugin-com.neo4j.plugin.jwt.auth.JwtAuthPlugin} Invalid serialized unsecured/JWS/JWE object: Missing part delimiters
2023-05-21 23:53:52.543+0000 INFO  [neo4j]: logged in
2023-05-22 00:53:56.682+0000 INFO  {plugin-com.neo4j.plugin.jwt.auth.JwtAuthPlugin} Log in attempted for user 'neo4j'.
2023-05-22 00:53:56.682+0000 ERROR {plugin-com.neo4j.plugin.jwt.auth.JwtAuthPlugin} Invalid serialized unsecured/JWS/JWE object: Missing part delimiters
2023-05-22 00:53:56.682+0000 INFO  [neo4j]: logged in
2023-05-22 00:53:56.751+0000 INFO  {plugin-com.neo4j.plugin.jwt.auth.JwtAuthPlugin} Log in attempted for user 'neo4j'.
2023-05-22 00:53:56.751+0000 ERROR {plugin-com.neo4j.plugin.jwt.auth.JwtAuthPlugin} Invalid serialized unsecured/JWS/JWE object: Missing part delimiters
2023-05-22 00:53:56.751+0000 INFO  [neo4j]: logged in
2023-05-22 00:53:57.005+0000 INFO  {plugin-com.neo4j.plugin.jwt.auth.JwtAuthPlugin} Log in attempted for user 'neo4j'.
2023-05-22 00:53:57.005+0000 ERROR {plugin-com.neo4j.plugin.jwt.auth.JwtAuthPlugin} Invalid serialized unsecured/JWS/JWE object: Missing part delimiters
2023-05-22 00:53:57.005+0000 INFO  [neo4j]: logged in
2023-05-22 00:53:57.013+0000 INFO  {plugin-com.neo4j.plugin.jwt.auth.JwtAuthPlugin} Log in attempted for user 'neo4j'.
2023-05-22 00:53:57.013+0000 ERROR {plugin-com.neo4j.plugin.jwt.auth.JwtAuthPlugin} Invalid serialized unsecured/JWS/JWE object: Missing part delimiters
2023-05-22 00:53:57.013+0000 INFO  [neo4j]: logged in
2023-05-22 00:53:57.031+0000 INFO  {plugin-com.neo4j.plugin.jwt.auth.JwtAuthPlugin} Log in attempted for user 'neo4j'.
2023-05-22 00:53:57.031+0000 ERROR {plugin-com.neo4j.plugin.jwt.auth.JwtAuthPlugin} Invalid serialized unsecured/JWS/JWE object: Missing part delimiters
2023-05-22 00:53:57.031+0000 INFO  [neo4j]: logged in
2023-05-22 01:54:02.253+0000 INFO  {plugin-com.neo4j.plugin.jwt.auth.JwtAuthPlugin} Log in attempted for user 'neo4j'.
2023-05-22 01:54:02.253+0000 INFO  {plugin-com.neo4j.plugin.jwt.auth.JwtAuthPlugin} Log in attempted for user 'neo4j'.
2023-05-22 01:54:02.255+0000 ERROR {plugin-com.neo4j.plugin.jwt.auth.JwtAuthPlugin} Invalid serialized unsecured/JWS/JWE object: Missing part delimiters
2023-05-22 01:54:02.255+0000 ERROR {plugin-com.neo4j.plugin.jwt.auth.JwtAuthPlugin} Invalid serialized unsecured/JWS/JWE object: Missing part delimiters
2023-05-22 01:54:02.276+0000 INFO  [neo4j]: logged in
2023-05-22 01:54:02.276+0000 INFO  [neo4j]: logged in
2023-05-22 01:54:02.401+0000 INFO  {plugin-com.neo4j.plugin.jwt.auth.JwtAuthPlugin} Log in attempted for user 'neo4j'.
2023-05-22 01:54:02.401+0000 ERROR {plugin-com.neo4j.plugin.jwt.auth.JwtAuthPlugin} Invalid serialized unsecured/JWS/JWE object: Missing part delimiters
2023-05-22 01:54:02.401+0000 INFO  [neo4j]: logged in
2023-05-22 01:54:02.431+0000 INFO  {plugin-com.neo4j.plugin.jwt.auth.JwtAuthPlugin} Log in attempted for user 'neo4j'.
2023-05-22 01:54:02.431+0000 INFO  {plugin-com.neo4j.plugin.jwt.auth.JwtAuthPlugin} Log in attempted for user 'neo4j'.
2023-05-22 01:54:02.431+0000 ERROR {plugin-com.neo4j.plugin.jwt.auth.JwtAuthPlugin} Invalid serialized unsecured/JWS/JWE object: Missing part delimiters
2023-05-22 01:54:02.431+0000 ERROR {plugin-com.neo4j.plugin.jwt.auth.JwtAuthPlugin} Invalid serialized unsecured/JWS/JWE object: Missing part delimiters
2023-05-22 01:54:02.431+0000 INFO  [neo4j]: logged in
2023-05-22 01:54:02.431+0000 INFO  [neo4j]: logged in
2023-05-22 01:54:02.495+0000 INFO  {plugin-com.neo4j.plugin.jwt.auth.JwtAuthPlugin} Log in attempted for user 'neo4j'.
2023-05-22 01:54:02.495+0000 ERROR {plugin-com.neo4j.plugin.jwt.auth.JwtAuthPlugin} Invalid serialized unsecured/JWS/JWE object: Missing part delimiters
2023-05-22 01:54:02.495+0000 INFO  [neo4j]: logged in
2023-05-22 01:54:02.524+0000 INFO  {plugin-com.neo4j.plugin.jwt.auth.JwtAuthPlugin} Log in attempted for user 'neo4j'.
2023-05-22 01:54:02.525+0000 ERROR {plugin-com.neo4j.plugin.jwt.auth.JwtAuthPlugin} Invalid serialized unsecured/JWS/JWE object: Missing part delimiters
2023-05-22 01:54:02.525+0000 INFO  [neo4j]: logged in
2023-05-22 01:54:03.595+0000 INFO  {plugin-com.neo4j.plugin.jwt.auth.JwtAuthPlugin} Log in attempted for user 'neo4j'.
2023-05-22 01:54:03.595+0000 ERROR {plugin-com.neo4j.plugin.jwt.auth.JwtAuthPlugin} Invalid serialized unsecured/JWS/JWE object: Missing part delimiters
2023-05-22 01:54:03.595+0000 INFO  [neo4j]: logged in
